

Started GET "/home/ping" for 127.0.0.1 at 2015-11-01 17:24:36 +0100

SyntaxError (/home/toxo/Dokumente/ruby/rubyaufschienen/breadcrumbs/app/controllers/home_controller.rb:24: syntax error, unexpected keyword_end, expecting end-of-input):
  app/controllers/home_controller.rb:24: syntax error, unexpected keyword_end, expecting end-of-input


  Rendered /home/toxo/.rvm/gems/ruby-2.2.1/gems/actionpack-4.2.4/lib/action_dispatch/middleware/templates/rescues/_source.erb (15.9ms)
  Rendered /home/toxo/.rvm/gems/ruby-2.2.1/gems/actionpack-4.2.4/lib/action_dispatch/middleware/templates/rescues/_trace.html.erb (7.5ms)
  Rendered /home/toxo/.rvm/gems/ruby-2.2.1/gems/actionpack-4.2.4/lib/action_dispatch/middleware/templates/rescues/_request_and_response.html.erb (55.4ms)
  Rendered /home/toxo/.rvm/gems/ruby-2.2.1/gems/actionpack-4.2.4/lib/action_dispatch/middleware/templates/rescues/diagnostics.html.erb within rescues/layout (135.4ms)
  Rendered /home/toxo/.rvm/gems/ruby-2.2.1/gems/web-console-2.2.1/lib/web_console/templates/_markup.html.erb (1.2ms)
  Rendered /home/toxo/.rvm/gems/ruby-2.2.1/gems/web-console-2.2.1/lib/web_console/templates/_inner_console_markup.html.erb within layouts/inlined_string (1.1ms)
  Rendered /home/toxo/.rvm/gems/ruby-2.2.1/gems/web-console-2.2.1/lib/web_console/templates/_prompt_box_markup.html.erb within layouts/inlined_string (0.9ms)
  Rendered /home/toxo/.rvm/gems/ruby-2.2.1/gems/web-console-2.2.1/lib/web_console/templates/style.css.erb within layouts/inlined_string (1.0ms)
  Rendered /home/toxo/.rvm/gems/ruby-2.2.1/gems/web-console-2.2.1/lib/web_console/templates/console.js.erb within layouts/javascript (47.4ms)
  Rendered /home/toxo/.rvm/gems/ruby-2.2.1/gems/web-console-2.2.1/lib/web_console/templates/main.js.erb within layouts/javascript (1.0ms)
  Rendered /home/toxo/.rvm/gems/ruby-2.2.1/gems/web-console-2.2.1/lib/web_console/templates/error_page.js.erb within layouts/javascript (1.3ms)
  Rendered /home/toxo/.rvm/gems/ruby-2.2.1/gems/web-console-2.2.1/lib/web_console/templates/index.html.erb (104.1ms)


Started GET "/home/ping" for 127.0.0.1 at 2015-11-01 17:24:45 +0100

SyntaxError (/home/toxo/Dokumente/ruby/rubyaufschienen/breadcrumbs/app/controllers/home_controller.rb:24: syntax error, unexpected keyword_end, expecting end-of-input):
  app/controllers/home_controller.rb:24: syntax error, unexpected keyword_end, expecting end-of-input


  Rendered /home/toxo/.rvm/gems/ruby-2.2.1/gems/actionpack-4.2.4/lib/action_dispatch/middleware/templates/rescues/_source.erb (17.2ms)
  Rendered /home/toxo/.rvm/gems/ruby-2.2.1/gems/actionpack-4.2.4/lib/action_dispatch/middleware/templates/rescues/_trace.html.erb (7.9ms)
  Rendered /home/toxo/.rvm/gems/ruby-2.2.1/gems/actionpack-4.2.4/lib/action_dispatch/middleware/templates/rescues/_request_and_response.html.erb (3.6ms)
  Rendered /home/toxo/.rvm/gems/ruby-2.2.1/gems/actionpack-4.2.4/lib/action_dispatch/middleware/templates/rescues/diagnostics.html.erb within rescues/layout (65.8ms)
  Rendered /home/toxo/.rvm/gems/ruby-2.2.1/gems/web-console-2.2.1/lib/web_console/templates/_markup.html.erb (1.3ms)
  Rendered /home/toxo/.rvm/gems/ruby-2.2.1/gems/web-console-2.2.1/lib/web_console/templates/_inner_console_markup.html.erb within layouts/inlined_string (1.1ms)
  Rendered /home/toxo/.rvm/gems/ruby-2.2.1/gems/web-console-2.2.1/lib/web_console/templates/_prompt_box_markup.html.erb within layouts/inlined_string (1.0ms)
  Rendered /home/toxo/.rvm/gems/ruby-2.2.1/gems/web-console-2.2.1/lib/web_console/templates/style.css.erb within layouts/inlined_string (1.2ms)
  Rendered /home/toxo/.rvm/gems/ruby-2.2.1/gems/web-console-2.2.1/lib/web_console/templates/console.js.erb within layouts/javascript (55.8ms)
  Rendered /home/toxo/.rvm/gems/ruby-2.2.1/gems/web-console-2.2.1/lib/web_console/templates/main.js.erb within layouts/javascript (1.1ms)
  Rendered /home/toxo/.rvm/gems/ruby-2.2.1/gems/web-console-2.2.1/lib/web_console/templates/error_page.js.erb within layouts/javascript (1.6ms)
  Rendered /home/toxo/.rvm/gems/ruby-2.2.1/gems/web-console-2.2.1/lib/web_console/templates/index.html.erb (114.2ms)


Started GET "/home/ping" for 127.0.0.1 at 2015-11-01 17:25:16 +0100
Processing by HomeController#ping as HTML
  Rendered home/ping.html.erb within layouts/application (4.0ms)
Completed 200 OK in 3341ms (Views: 3285.9ms | ActiveRecord: 0.0ms)


Started GET "/assets/home.self-e3b0c44298fc1c149afbf4c8996fb92427ae41e4649b934ca495991b7852b855.css?body=1" for 127.0.0.1 at 2015-11-01 17:25:20 +0100


Started GET "/assets/application.self-e80e8f2318043e8af94dddc2adad5a4f09739a8ebb323b3ab31cd71d45fd9113.css?body=1" for 127.0.0.1 at 2015-11-01 17:25:20 +0100


Started GET "/assets/jquery.self-a714331225dda820228db323939889f149aec0127aeb06255646b616ba1ca419.js?body=1" for 127.0.0.1 at 2015-11-01 17:25:20 +0100


Started GET "/assets/turbolinks.self-c37727e9bd6b2735da5c311aa83fead54ed0be6cc8bd9a65309e9c5abe2cbfff.js?body=1" for 127.0.0.1 at 2015-11-01 17:25:20 +0100


Started GET "/assets/home.self-877aef30ae1b040ab8a3aba4e3e309a11d7f2612f44dde450b5c157aa5f95c05.js?body=1" for 127.0.0.1 at 2015-11-01 17:25:20 +0100


Started GET "/assets/application.self-3b8dabdc891efe46b9a144b400ad69e37d7e5876bdc39dee783419a69d7ca819.js?body=1" for 127.0.0.1 at 2015-11-01 17:25:20 +0100


Started GET "/assets/jquery_ujs.self-d456baa54c1fa6be2ec3711f0a72ddf7a5b2f34a6b4f515f33767d6207b7d4b3.js?body=1" for 127.0.0.1 at 2015-11-01 17:25:21 +0100


Started GET "/home/ping" for 127.0.0.1 at 2015-11-01 17:25:24 +0100
Processing by HomeController#ping as HTML
  Rendered home/ping.html.erb within layouts/application (0.2ms)
Completed 200 OK in 175ms (Views: 171.0ms | ActiveRecord: 0.0ms)


Started GET "/home/pong" for 127.0.0.1 at 2015-11-01 17:26:11 +0100
Processing by HomeController#pong as HTML
  Rendered home/pong.html.erb within layouts/application (3.5ms)
Completed 200 OK in 688ms (Views: 631.7ms | ActiveRecord: 0.0ms)


Started GET "/home/psad" for 127.0.0.1 at 2015-11-01 17:26:17 +0100

ActionController::RoutingError (No route matches [GET] "/home/psad"):
  actionpack (4.2.4) lib/action_dispatch/middleware/debug_exceptions.rb:21:in `call'
  web-console (2.2.1) lib/web_console/middleware.rb:39:in `call'
  actionpack (4.2.4) lib/action_dispatch/middleware/show_exceptions.rb:30:in `call'
  railties (4.2.4) lib/rails/rack/logger.rb:38:in `call_app'
  railties (4.2.4) lib/rails/rack/logger.rb:20:in `block in call'
  activesupport (4.2.4) lib/active_support/tagged_logging.rb:68:in `block in tagged'
  activesupport (4.2.4) lib/active_support/tagged_logging.rb:26:in `tagged'
  activesupport (4.2.4) lib/active_support/tagged_logging.rb:68:in `tagged'
  railties (4.2.4) lib/rails/rack/logger.rb:20:in `call'
  actionpack (4.2.4) lib/action_dispatch/middleware/request_id.rb:21:in `call'
  rack (1.6.4) lib/rack/methodoverride.rb:22:in `call'
  rack (1.6.4) lib/rack/runtime.rb:18:in `call'
  activesupport (4.2.4) lib/active_support/cache/strategy/local_cache_middleware.rb:28:in `call'
  rack (1.6.4) lib/rack/lock.rb:17:in `call'
  actionpack (4.2.4) lib/action_dispatch/middleware/static.rb:116:in `call'
  rack (1.6.4) lib/rack/sendfile.rb:113:in `call'
  railties (4.2.4) lib/rails/engine.rb:518:in `call'
  railties (4.2.4) lib/rails/application.rb:165:in `call'
  rack (1.6.4) lib/rack/lock.rb:17:in `call'
  rack (1.6.4) lib/rack/content_length.rb:15:in `call'
  rack (1.6.4) lib/rack/handler/webrick.rb:88:in `service'
  /home/toxo/.rvm/rubies/ruby-2.2.1/lib/ruby/2.2.0/webrick/httpserver.rb:138:in `service'
  /home/toxo/.rvm/rubies/ruby-2.2.1/lib/ruby/2.2.0/webrick/httpserver.rb:94:in `run'
  /home/toxo/.rvm/rubies/ruby-2.2.1/lib/ruby/2.2.0/webrick/server.rb:294:in `block in start_thread'


  Rendered /home/toxo/.rvm/gems/ruby-2.2.1/gems/actionpack-4.2.4/lib/action_dispatch/middleware/templates/rescues/_trace.html.erb (5.2ms)
  Rendered /home/toxo/.rvm/gems/ruby-2.2.1/gems/actionpack-4.2.4/lib/action_dispatch/middleware/templates/routes/_route.html.erb (2.8ms)
  Rendered /home/toxo/.rvm/gems/ruby-2.2.1/gems/actionpack-4.2.4/lib/action_dispatch/middleware/templates/routes/_table.html.erb (35.6ms)
  Rendered /home/toxo/.rvm/gems/ruby-2.2.1/gems/actionpack-4.2.4/lib/action_dispatch/middleware/templates/rescues/_request_and_response.html.erb (4.5ms)
  Rendered /home/toxo/.rvm/gems/ruby-2.2.1/gems/actionpack-4.2.4/lib/action_dispatch/middleware/templates/rescues/routing_error.html.erb within rescues/layout (154.4ms)
  Rendered /home/toxo/.rvm/gems/ruby-2.2.1/gems/web-console-2.2.1/lib/web_console/templates/_markup.html.erb (1.2ms)
  Rendered /home/toxo/.rvm/gems/ruby-2.2.1/gems/web-console-2.2.1/lib/web_console/templates/_inner_console_markup.html.erb within layouts/inlined_string (1.0ms)
  Rendered /home/toxo/.rvm/gems/ruby-2.2.1/gems/web-console-2.2.1/lib/web_console/templates/_prompt_box_markup.html.erb within layouts/inlined_string (0.9ms)
  Rendered /home/toxo/.rvm/gems/ruby-2.2.1/gems/web-console-2.2.1/lib/web_console/templates/style.css.erb within layouts/inlined_string (1.1ms)
  Rendered /home/toxo/.rvm/gems/ruby-2.2.1/gems/web-console-2.2.1/lib/web_console/templates/console.js.erb within layouts/javascript (46.5ms)
  Rendered /home/toxo/.rvm/gems/ruby-2.2.1/gems/web-console-2.2.1/lib/web_console/templates/main.js.erb within layouts/javascript (1.0ms)
  Rendered /home/toxo/.rvm/gems/ruby-2.2.1/gems/web-console-2.2.1/lib/web_console/templates/error_page.js.erb within layouts/javascript (1.3ms)
  Rendered /home/toxo/.rvm/gems/ruby-2.2.1/gems/web-console-2.2.1/lib/web_console/templates/index.html.erb (92.5ms)


Started GET "/home/ping" for 127.0.0.1 at 2015-11-01 17:26:23 +0100
Processing by HomeController#ping as HTML
  Rendered home/ping.html.erb within layouts/application (1.0ms)
Completed 200 OK in 104ms (Views: 101.4ms | ActiveRecord: 0.0ms)


Started GET "/home/ping" for 127.0.0.1 at 2015-11-01 17:27:33 +0100
Processing by HomeController#ping as HTML
  Rendered home/ping.html.erb within layouts/application (3.4ms)
Completed 200 OK in 680ms (Views: 624.1ms | ActiveRecord: 0.0ms)


Started GET "/home/ping" for 127.0.0.1 at 2015-11-01 17:27:37 +0100
Processing by HomeController#ping as HTML
  Rendered home/ping.html.erb within layouts/application (0.1ms)
Completed 200 OK in 123ms (Views: 120.8ms | ActiveRecord: 0.0ms)


Started GET "/home/reset" for 127.0.0.1 at 2015-11-01 17:27:45 +0100

ActionController::RoutingError (No route matches [GET] "/home/reset"):
  actionpack (4.2.4) lib/action_dispatch/middleware/debug_exceptions.rb:21:in `call'
  web-console (2.2.1) lib/web_console/middleware.rb:39:in `call'
  actionpack (4.2.4) lib/action_dispatch/middleware/show_exceptions.rb:30:in `call'
  railties (4.2.4) lib/rails/rack/logger.rb:38:in `call_app'
  railties (4.2.4) lib/rails/rack/logger.rb:20:in `block in call'
  activesupport (4.2.4) lib/active_support/tagged_logging.rb:68:in `block in tagged'
  activesupport (4.2.4) lib/active_support/tagged_logging.rb:26:in `tagged'
  activesupport (4.2.4) lib/active_support/tagged_logging.rb:68:in `tagged'
  railties (4.2.4) lib/rails/rack/logger.rb:20:in `call'
  actionpack (4.2.4) lib/action_dispatch/middleware/request_id.rb:21:in `call'
  rack (1.6.4) lib/rack/methodoverride.rb:22:in `call'
  rack (1.6.4) lib/rack/runtime.rb:18:in `call'
  activesupport (4.2.4) lib/active_support/cache/strategy/local_cache_middleware.rb:28:in `call'
  rack (1.6.4) lib/rack/lock.rb:17:in `call'
  actionpack (4.2.4) lib/action_dispatch/middleware/static.rb:116:in `call'
  rack (1.6.4) lib/rack/sendfile.rb:113:in `call'
  railties (4.2.4) lib/rails/engine.rb:518:in `call'
  railties (4.2.4) lib/rails/application.rb:165:in `call'
  rack (1.6.4) lib/rack/lock.rb:17:in `call'
  rack (1.6.4) lib/rack/content_length.rb:15:in `call'
  rack (1.6.4) lib/rack/handler/webrick.rb:88:in `service'
  /home/toxo/.rvm/rubies/ruby-2.2.1/lib/ruby/2.2.0/webrick/httpserver.rb:138:in `service'
  /home/toxo/.rvm/rubies/ruby-2.2.1/lib/ruby/2.2.0/webrick/httpserver.rb:94:in `run'
  /home/toxo/.rvm/rubies/ruby-2.2.1/lib/ruby/2.2.0/webrick/server.rb:294:in `block in start_thread'


  Rendered /home/toxo/.rvm/gems/ruby-2.2.1/gems/actionpack-4.2.4/lib/action_dispatch/middleware/templates/rescues/_trace.html.erb (10.0ms)
  Rendered /home/toxo/.rvm/gems/ruby-2.2.1/gems/actionpack-4.2.4/lib/action_dispatch/middleware/templates/routes/_route.html.erb (2.8ms)
  Rendered /home/toxo/.rvm/gems/ruby-2.2.1/gems/actionpack-4.2.4/lib/action_dispatch/middleware/templates/routes/_table.html.erb (20.6ms)
  Rendered /home/toxo/.rvm/gems/ruby-2.2.1/gems/actionpack-4.2.4/lib/action_dispatch/middleware/templates/rescues/_request_and_response.html.erb (4.4ms)
  Rendered /home/toxo/.rvm/gems/ruby-2.2.1/gems/actionpack-4.2.4/lib/action_dispatch/middleware/templates/rescues/routing_error.html.erb within rescues/layout (94.9ms)
  Rendered /home/toxo/.rvm/gems/ruby-2.2.1/gems/web-console-2.2.1/lib/web_console/templates/_markup.html.erb (1.2ms)
  Rendered /home/toxo/.rvm/gems/ruby-2.2.1/gems/web-console-2.2.1/lib/web_console/templates/_inner_console_markup.html.erb within layouts/inlined_string (1.1ms)
  Rendered /home/toxo/.rvm/gems/ruby-2.2.1/gems/web-console-2.2.1/lib/web_console/templates/_prompt_box_markup.html.erb within layouts/inlined_string (1.0ms)
  Rendered /home/toxo/.rvm/gems/ruby-2.2.1/gems/web-console-2.2.1/lib/web_console/templates/style.css.erb within layouts/inlined_string (1.1ms)
  Rendered /home/toxo/.rvm/gems/ruby-2.2.1/gems/web-console-2.2.1/lib/web_console/templates/console.js.erb within layouts/javascript (45.1ms)
  Rendered /home/toxo/.rvm/gems/ruby-2.2.1/gems/web-console-2.2.1/lib/web_console/templates/main.js.erb within layouts/javascript (1.0ms)
  Rendered /home/toxo/.rvm/gems/ruby-2.2.1/gems/web-console-2.2.1/lib/web_console/templates/error_page.js.erb within layouts/javascript (1.3ms)
  Rendered /home/toxo/.rvm/gems/ruby-2.2.1/gems/web-console-2.2.1/lib/web_console/templates/index.html.erb (91.1ms)


Started GET "/home/reset" for 127.0.0.1 at 2015-11-01 17:28:35 +0100
Processing by HomeController#reset as HTML
  Rendered home/reset.html.erb within layouts/application (5.1ms)
Completed 200 OK in 696ms (Views: 638.2ms | ActiveRecord: 0.0ms)


Started GET "/home/ping" for 127.0.0.1 at 2015-11-01 17:28:40 +0100
Processing by HomeController#ping as HTML
  Rendered home/ping.html.erb within layouts/application (1.8ms)
Completed 200 OK in 108ms (Views: 105.5ms | ActiveRecord: 0.0ms)


Started GET "/home/ping" for 127.0.0.1 at 2015-11-01 17:28:43 +0100
Processing by HomeController#ping as HTML
  Rendered home/ping.html.erb within layouts/application (0.2ms)
Completed 200 OK in 99ms (Views: 97.4ms | ActiveRecord: 0.0ms)


Started GET "/home/ping" for 127.0.0.1 at 2015-11-01 17:28:45 +0100
Processing by HomeController#ping as HTML
  Rendered home/ping.html.erb within layouts/application (0.1ms)
Completed 200 OK in 125ms (Views: 123.6ms | ActiveRecord: 0.0ms)


Started GET "/home/reset/" for 127.0.0.1 at 2015-11-01 17:28:49 +0100
Processing by HomeController#reset as HTML
  Rendered home/reset.html.erb within layouts/application (0.1ms)
Completed 200 OK in 119ms (Views: 117.6ms | ActiveRecord: 0.0ms)
