  [1m[36m (78.1ms)[0m  [1mCREATE TABLE "schema_migrations" ("version" varchar NOT NULL) [0m
  [1m[35m (0.4ms)[0m  select sqlite_version(*)
  [1m[36m (53.8ms)[0m  [1mCREATE UNIQUE INDEX "unique_schema_migrations" ON "schema_migrations" ("version")[0m
  [1m[35mActiveRecord::SchemaMigration Load (0.7ms)[0m  SELECT "schema_migrations".* FROM "schema_migrations"
Migrating to CreateCountries (20151101130455)
  [1m[36m (0.2ms)[0m  [1mbegin transaction[0m
  [1m[35m (1.3ms)[0m  CREATE TABLE "countries" ("id" INTEGER PRIMARY KEY AUTOINCREMENT NOT NULL, "name" varchar, "population" integer, "created_at" datetime NOT NULL, "updated_at" datetime NOT NULL) 
  [1m[36mSQL (0.6ms)[0m  [1mINSERT INTO "schema_migrations" ("version") VALUES (?)[0m  [["version", "20151101130455"]]
  [1m[35m (43.0ms)[0m  commit transaction
  [1m[36mActiveRecord::SchemaMigration Load (1.0ms)[0m  [1mSELECT "schema_migrations".* FROM "schema_migrations"[0m
  [1m[36m (0.3ms)[0m  [1mbegin transaction[0m
  [1m[35mSQL (1.9ms)[0m  INSERT INTO "countries" ("name", "population", "created_at", "updated_at") VALUES (?, ?, ?, ?)  [["name", "LandA"], ["population", 34134435], ["created_at", "2015-11-01 13:14:07.517418"], ["updated_at", "2015-11-01 13:14:07.517418"]]
  [1m[36m (71.3ms)[0m  [1mcommit transaction[0m
  [1m[36m (0.3ms)[0m  [1mbegin transaction[0m
  [1m[35mSQL (4.7ms)[0m  INSERT INTO "countries" ("name", "population", "created_at", "updated_at") VALUES (?, ?, ?, ?)  [["name", "Land B"], ["population", 23999], ["created_at", "2015-11-01 13:16:08.827349"], ["updated_at", "2015-11-01 13:16:08.827349"]]
  [1m[36m (72.8ms)[0m  [1mcommit transaction[0m
  [1m[36mCountry Load (4.1ms)[0m  [1mSELECT "countries".* FROM "countries"[0m
  [1m[35mCountry Load (0.8ms)[0m  SELECT  "countries".* FROM "countries"  ORDER BY "countries"."id" DESC LIMIT 1
  [1m[36mCountry Load (0.7ms)[0m  [1mSELECT "countries".* FROM "countries"  ORDER BY "countries"."id" ASC[0m
  [1m[35mCountry Load (0.8ms)[0m  SELECT  "countries".* FROM "countries"  ORDER BY "countries"."id" ASC LIMIT 1
  [1m[36mCountry Load (0.8ms)[0m  [1mSELECT  "countries".* FROM "countries"  ORDER BY "countries"."id" DESC LIMIT 1[0m
  [1m[35mCountry Load (2.3ms)[0m  SELECT  "countries".* FROM "countries"  ORDER BY "countries"."created" DESC LIMIT 1
SQLite3::SQLException: no such column: countries.created: SELECT  "countries".* FROM "countries"  ORDER BY "countries"."created" DESC LIMIT 1
  [1m[36mCountry Load (1.0ms)[0m  [1mSELECT  "countries".* FROM "countries"  ORDER BY "countries"."population" DESC LIMIT 1[0m
  [1m[35mCountry Load (0.9ms)[0m  SELECT  "countries".* FROM "countries"  ORDER BY "countries"."population" ASC LIMIT 1
  [1m[36mActiveRecord::SchemaMigration Load (0.4ms)[0m  [1mSELECT "schema_migrations".* FROM "schema_migrations"[0m
  [1m[35m (0.3ms)[0m  begin transaction
  [1m[36mSQL (1.2ms)[0m  [1mINSERT INTO "countries" ("name", "population", "created_at", "updated_at") VALUES (?, ?, ?, ?)[0m  [["name", "Land C"], ["population", 1], ["created_at", "2015-11-01 13:20:40.186933"], ["updated_at", "2015-11-01 13:20:40.186933"]]
  [1m[35m (62.1ms)[0m  commit transaction
  [1m[36mCountry Load (4.2ms)[0m  [1mSELECT "countries".* FROM "countries"[0m
  [1m[36mActiveRecord::SchemaMigration Load (0.4ms)[0m  [1mSELECT "schema_migrations".* FROM "schema_migrations"[0m
  [1m[35m (0.3ms)[0m  begin transaction
  [1m[36mSQL (1.2ms)[0m  [1mINSERT INTO "countries" ("name", "population", "created_at", "updated_at") VALUES (?, ?, ?, ?)[0m  [["name", "Land C"], ["population", 1], ["created_at", "2015-11-01 13:22:28.030590"], ["updated_at", "2015-11-01 13:22:28.030590"]]
  [1m[35m (60.5ms)[0m  commit transaction
